
> firestone@15.24.0 start:ow-electron
> ow-electron dist/apps/electron-app


🚫 Skipping main window creation (overlay-only mode)
🔧 Registered service: CardsFacadeStandaloneService
🔧 Registered service: CardsFacadeService
🔧 Registered service: WindowManagerService
🔧 Registered service: GameStatusService
🔧 Registered service: PreferencesService
📖 Loaded 1 items from storage
🗃️ ElectronStorageService initialized with storage at: C:\Users\Daedin\AppData\Roaming\Firestone Desktop\firestone-storage.json
🔧 Registered service: LocalStorageService
🔧 Registered service: ApiRunner
🔧 Registered service: PreferencesStorageService
🔧 Registered service: MemoryUpdatesService
🔧 Registered service: MindVisionElectronService
🔧 Registered service: MindVisionStateMachineService
🔧 Registered service: MemoryInspectionService
🔧 Registered service: SceneService
🔧 Registered service: GameEventsEmitterService
🔧 Registered service: DeckHandlerService
🔧 Registered service: DeckParserService
[deck-parser-facade] init constructor
🔧 Registered service: DeckParserFacadeService
[ElectronGameWindowService] IPC handlers registered
🔧 Registered services: [
  'CardsFacadeStandaloneService',
  'CardsFacadeService',
  'WindowManagerService',
  'GameStatusService',
  'PreferencesService',
  'LocalStorageService',
  'ApiRunner',
  'PreferencesStorageService',
  'MemoryUpdatesService',
  'MindVisionElectronService',
  'MindVisionStateMachineService',
  'MemoryInspectionService',
  'SceneService',
  'GameEventsEmitterService',
  'DeckHandlerService',
  'DeckParserService',
  'DeckParserFacadeService'
]
[preferences] ready
[preferences] completely ready
[scene-service] ready
[scene-service] memory updates {} undefined
[deck-parser-facade] init 0
[deck-parser-facade] init
[deck-parser-facade] currentDeck$$ null
[deck-parser-facade] initElectronSubjects
[game-status] inGame at launch false
[scene-service] got initial scene null
[mind-vision] [idle-state] not in game, not starting memory poll or memory reading plugin
[MindVisionElectron] Attempting to initialize MindVision...
[MindVisionElectron] Looking for module at: E:\Source\zerotoheroes\firestone\dist\apps\electron-app\mind-vision-edge
[MindVisionEdge] DLL Path: E:\Source\zerotoheroes\firestone\dist\apps\electron-app\mind-vision-edge\OverwolfUnitySpy.dll
[MindVisionEdge] Newtonsoft Path: E:\Source\zerotoheroes\firestone\dist\apps\electron-app\mind-vision-edge\Newtonsoft.Json.dll
[MindVisionElectron] Initializing plugin...
[MindVisionEdge] Initializing plugin...
[MindVisionEdge] Setting up logger...
[MindVisionEdge] [debug] Calling plugin method: setLogger
[MindVisionEdge] [debug] Getting edge function for: setLogger
[MindVisionEdge] [debug] setLogger Got edge function:
[MindVisionEdge] [debug] setLogger Edge function result: Logger set on static instance
[MindVisionEdge] Logger setup complete
[MindVisionEdge] Setting up memory update callback...
[MindVisionEdge] [debug] Calling plugin method: setMemoryUpdateCallback
[MindVisionEdge] [debug] Getting edge function for: setMemoryUpdateCallback
[MindVisionEdge] [debug] setMemoryUpdateCallback Got edge function:
[MindVisionEdge] [debug] setMemoryUpdateCallback Edge function result: true
[MindVisionEdge] Memory callback setup complete
[MindVisionEdge] Plugin initialized successfully
[MindVisionElectron] Plugin initialized successfully!
Overlay package is ready: 1.8.32
📡 Registering to overlay package events
[ElectronGameWindowService] Overlay service ready, setting up game event listeners
[ElectronGameWindowService] Game event listeners setup complete
🎯 Overlay service is ready!
🎮 Registering to monitor Hearthstone...
[MindVisionElectron] Logger: 363 msg,System.Action`2[System.Object,System.Object] [Function (anonymous)]
✅ Registered to monitor Hearthstone
⏳ Waiting for Hearthstone to launch...
[MindVisionElectron] Logger: log 2, [Function (anonymous)]
[MindVisionElectron] Logger: setting logger callback in static,System.Action`2[System.Object,System.Object] [Function (anonymous)]
[MindVisionElectron] Logger: setting memory update callback in static 0,System.Func`2[System.Object,System.Threading.Tasks.Task`1[System.Object]] [Function (anonymous)]
[MindVisionElectron] Logger: 363Setting memory update callback 2,True [Function (anonymous)]
[MindVisionElectron] Logger: setting memory update callback in static,System.Action`1[System.Object] [Function (anonymous)]
[MindVisionElectron] Logger: 363Setting memory update callback 2 done,True [Function (anonymous)]
🎮 Game launched: Hearthstone: Heroes of Warcraft
🔍 Game ID: 98981 (looking for 9898 for Hearthstone)
Hearthstone detected! Injecting first...
🚀 Calling event.inject() BEFORE creating window...
✅ event.inject() called successfully
[ElectronGameWindowService] Hearthstone launched, updating game info
[ElectronGameWindowService] Game info updated from launch event
[mind-vision] setting state IDLE to INIT
[mind-vision] [init-state] onEnter, plugin init starting
[MindVisionElectron] Attempting to initialize MindVision...
[MindVisionElectron] Looking for module at: E:\Source\zerotoheroes\firestone\dist\apps\electron-app\mind-vision-edge
[MindVisionElectron] Clearing cached module...
[MindVisionEdge] DLL Path: E:\Source\zerotoheroes\firestone\dist\apps\electron-app\mind-vision-edge\OverwolfUnitySpy.dll
[MindVisionEdge] Newtonsoft Path: E:\Source\zerotoheroes\firestone\dist\apps\electron-app\mind-vision-edge\Newtonsoft.Json.dll
[MindVisionElectron] Initializing plugin...
[MindVisionEdge] Initializing plugin...
[MindVisionEdge] Setting up logger...
[MindVisionEdge] [debug] Calling plugin method: setLogger
[MindVisionEdge] [debug] Getting edge function for: setLogger
[MindVisionEdge] [debug] setLogger Got edge function:
[MindVisionEdge] [debug] setLogger Edge function result: Logger set on static instance
[MindVisionEdge] Logger setup complete
[MindVisionEdge] Setting up memory update callback...
[MindVisionEdge] [debug] Calling plugin method: setMemoryUpdateCallback
[MindVisionEdge] [debug] Getting edge function for: setMemoryUpdateCallback
[MindVisionEdge] [debug] setMemoryUpdateCallback Got edge function:
[MindVisionEdge] [debug] setMemoryUpdateCallback Edge function result: true
[MindVisionEdge] Memory callback setup complete
[MindVisionEdge] Plugin initialized successfully
[MindVisionElectron] Plugin initialized successfully!
[mind-vision] setting state INIT to LISTENING
[mind-vision] [listening-state] onEnter, plugin init starting
[mind-vision] [listening-state] running sanity checks
[MindVisionElectron] Logger: setting logger callback in static,System.Action`2[System.Object,System.Object] [Function (anonymous)]
[MindVisionElectron] Logger: 363 msg,System.Action`2[System.Object,System.Object] [Function (anonymous)]
[MindVisionElectron] Logger: log 2, [Function (anonymous)]
[MindVisionElectron] Logger: setting memory update callback in static 0,System.Func`2[System.Object,System.Threading.Tasks.Task`1[System.Object]] [Function (anonymous)]
[MindVisionElectron] Logger: 363Setting memory update callback 2,True [Function (anonymous)]
[MindVisionElectron] Logger: 363Setting memory update callback 2 done,True [Function (anonymous)]
[MindVisionElectron] Logger: setting memory update callback in static,System.Action`1[System.Object] [Function (anonymous)]
Game injected successfully! Hearthstone: Heroes of Warcraft
Waiting for game to get focus before creating overlay...
[mind-vision] [listening-state] waiting for mindvision to be bootstrapped
[MindVisionEdge] [debug] Calling plugin method: isBootstrapped
[MindVisionEdge] [debug] Getting edge function for: isBootstrapped
[MindVisionEdge] [debug] isBootstrapped Got edge function:
[MindVisionEdge] [debug] isBootstrapped Edge function result: true
[mind-vision] [listening-state] sanity check ok
[MindVisionElectron] Starting to listen for memory updates...
[MindVisionEdge] [debug] Calling plugin method: listenForUpdates
[MindVisionEdge] [debug] Getting edge function for: listenForUpdates
[MindVisionEdge] [debug] listenForUpdates Got edge function:
[MindVisionElectron] Logger: MindVision Listener log,Found process Id=37656 MainWindowTitle=Hearthstone ProcessName=Hearthstone [Function (anonymous)]
[MindVisionElectron] Logger: MindVision Listener log,Found process Id=37656 MainWindowTitle=Hearthstone ProcessName=Hearthstone [Function (anonymous)]
[MindVisionElectron] Logger: MindVision Listener log,Found process, MainModuleFileName=E:\Games\Hearthstone\Hearthstone.exe [Function (anonymous)]
[MindVisionElectron] Logger: MindVision Listener log,Found process, MainModuleFileName=E:\Games\Hearthstone\Hearthstone.exe [Function (anonymous)]
[MindVisionElectron] Logger: MindVision Listener log,Mind vision all good [Function (anonymous)]
[MindVisionElectron] Logger: MindVision Listener log,Mind vision all good [Function (anonymous)]
[MindVisionElectron] Logger: MindVision Listener log,Is CollectionManager.s_instance null? False [Function (anonymous)]
[MindVisionElectron] Logger: MindVision Listener log,Is CollectionManager.s_instance null? False [Function (anonymous)]
[MindVisionElectron] Logger: 363MinVision created, [Function (anonymous)]
[MindVisionElectron] Logger: MindVision Listener log,Is GameDbf.Card null? False [Function (anonymous)]
[MindVisionElectron] Logger: MindVision Listener log,Is GameDbf.Card null? False [Function (anonymous)]
[MindVisionElectron] Logger: 363MinVision created, [Function (anonymous)]
[MindVisionElectron] Logger: Starting to listen for updates, [Function (anonymous)]
[MindVisionElectron] Logger: Starting to listen for updates, [Function (anonymous)]
[MindVisionElectron] Logger: MindVision Listener log,ListenForChanges [Function (anonymous)]
[MindVisionElectron] Logger: MindVision Listener log,ListenForChanges [Function (anonymous)]
[MindVisionElectron] Logger: activated listenForUpdates, [Function (anonymous)]
[MindVisionElectron] Logger: activated listenForUpdates, [Function (anonymous)]
[MindVisionEdge] [debug] listenForUpdates Edge function result: ok
[MindVisionElectron] Successfully started listening for memory updates with real-time callback
[mind-vision] [listening-state] plugin ready
[mind-vision] setting state LISTENING to ACTIVE
[mind-vision] [listening-state] triggering state abort
[mind-vision] [listening-state] aborting
[mind-vision] [active-state] onEnter, plugin init starting
[MindVisionElectron] Logger: True,{"HasUpdates":true,"TotalTimeElapsed":68,"CollectionInit":true,"CurrentScene":3,"isFriendsListOpen":false} [Function (anonymous)]
[MindVisionElectron] Logger: True,{"HasUpdates":true,"TotalTimeElapsed":68,"CollectionInit":true,"CurrentScene":3,"isFriendsListOpen":false} [Function (anonymous)]
[MindVisionElectron] Logger: Rceived memory changes,True [Function (anonymous)]
[MindVisionElectron] Logger: Rceived memory changes,True [Function (anonymous)]
[MindVisionElectron] Memory update received: {"HasUpdates":true,"TotalTimeElapsed":68,"CollectionInit":true,"CurrentScene":3,"isFriendsListOpen":false}
[memory-updates] new update {
  HasUpdates: true,
  TotalTimeElapsed: 68,
  CollectionInit: true,
  CurrentScene: 3,
  isFriendsListOpen: false
}
[scene-service] memory updates {
  HasUpdates: true,
  TotalTimeElapsed: 68,
  CollectionInit: true,
  CurrentScene: 3,
  isFriendsListOpen: false
} 3
[scene-service] new scene HUB
[MindVisionElectron] Memory update received: {"HasUpdates":true,"TotalTimeElapsed":68,"CollectionInit":true,"CurrentScene":3,"isFriendsListOpen":false}
[memory-updates] new update {
  HasUpdates: true,
  TotalTimeElapsed: 68,
  CollectionInit: true,
  CurrentScene: 3,
  isFriendsListOpen: false
}
[scene-service] memory updates {
  HasUpdates: true,
  TotalTimeElapsed: 68,
  CollectionInit: true,
  CurrentScene: 3,
  isFriendsListOpen: false
} 3
[scene-service] new scene HUB
Game window changed: undefined Hearthstone: Heroes of Warcraft
Game window changed: undefined Hearthstone: Heroes of Warcraft
